<?xml version="1.0" encoding="UTF-8"?>
<testsuite xmlns:xsi="http://www.w3.org/2001/XMLSchema-instance" xsi:noNamespaceSchemaLocation="https://maven.apache.org/surefire/maven-surefire-plugin/xsd/surefire-test-report-3.0.xsd" version="3.0" name="TestSuite" time="1.993" tests="1" errors="0" skipped="0" failures="0">
  <properties>
    <property name="java.specification.version" value="19"/>
    <property name="sun.jnu.encoding" value="UTF-8"/>
    <property name="java.class.path" value="/Users/dhvani/eclipse-workspace/BookAPI/target/test-classes:/Users/dhvani/eclipse-workspace/BookAPI/target/classes:/Users/dhvani/.m2/repository/junit/junit/4.11/junit-4.11.jar:/Users/dhvani/.m2/repository/org/hamcrest/hamcrest-core/1.3/hamcrest-core-1.3.jar:/Users/dhvani/.m2/repository/io/cucumber/cucumber-java/7.15.0/cucumber-java-7.15.0.jar:/Users/dhvani/.m2/repository/io/cucumber/cucumber-core/7.15.0/cucumber-core-7.15.0.jar:/Users/dhvani/.m2/repository/io/cucumber/cucumber-gherkin/7.15.0/cucumber-gherkin-7.15.0.jar:/Users/dhvani/.m2/repository/io/cucumber/cucumber-gherkin-messages/7.15.0/cucumber-gherkin-messages-7.15.0.jar:/Users/dhvani/.m2/repository/io/cucumber/gherkin/26.2.0/gherkin-26.2.0.jar:/Users/dhvani/.m2/repository/io/cucumber/messages/22.0.0/messages-22.0.0.jar:/Users/dhvani/.m2/repository/io/cucumber/tag-expressions/6.0.0/tag-expressions-6.0.0.jar:/Users/dhvani/.m2/repository/io/cucumber/cucumber-expressions/17.0.1/cucumber-expressions-17.0.1.jar:/Users/dhvani/.m2/repository/io/cucumber/datatable/7.15.0/datatable-7.15.0.jar:/Users/dhvani/.m2/repository/io/cucumber/cucumber-plugin/7.15.0/cucumber-plugin-7.15.0.jar:/Users/dhvani/.m2/repository/io/cucumber/docstring/7.15.0/docstring-7.15.0.jar:/Users/dhvani/.m2/repository/io/cucumber/html-formatter/20.4.0/html-formatter-20.4.0.jar:/Users/dhvani/.m2/repository/io/cucumber/junit-xml-formatter/0.2.0/junit-xml-formatter-0.2.0.jar:/Users/dhvani/.m2/repository/io/cucumber/ci-environment/10.0.0/ci-environment-10.0.0.jar:/Users/dhvani/.m2/repository/org/apiguardian/apiguardian-api/1.1.2/apiguardian-api-1.1.2.jar:/Users/dhvani/.m2/repository/io/cucumber/cucumber-testng/7.15.0/cucumber-testng-7.15.0.jar:/Users/dhvani/.m2/repository/org/testng/testng/7.8.0/testng-7.8.0.jar:/Users/dhvani/.m2/repository/org/slf4j/slf4j-api/1.7.36/slf4j-api-1.7.36.jar:/Users/dhvani/.m2/repository/com/beust/jcommander/1.82/jcommander-1.82.jar:/Users/dhvani/.m2/repository/org/webjars/jquery/3.6.1/jquery-3.6.1.jar:/Users/dhvani/.m2/repository/io/rest-assured/rest-assured/5.4.0/rest-assured-5.4.0.jar:/Users/dhvani/.m2/repository/org/apache/groovy/groovy/4.0.16/groovy-4.0.16.jar:/Users/dhvani/.m2/repository/org/apache/groovy/groovy-xml/4.0.16/groovy-xml-4.0.16.jar:/Users/dhvani/.m2/repository/org/apache/httpcomponents/httpclient/4.5.13/httpclient-4.5.13.jar:/Users/dhvani/.m2/repository/org/apache/httpcomponents/httpcore/4.4.13/httpcore-4.4.13.jar:/Users/dhvani/.m2/repository/commons-logging/commons-logging/1.2/commons-logging-1.2.jar:/Users/dhvani/.m2/repository/commons-codec/commons-codec/1.11/commons-codec-1.11.jar:/Users/dhvani/.m2/repository/org/apache/httpcomponents/httpmime/4.5.13/httpmime-4.5.13.jar:/Users/dhvani/.m2/repository/org/hamcrest/hamcrest/2.2/hamcrest-2.2.jar:/Users/dhvani/.m2/repository/org/ccil/cowan/tagsoup/tagsoup/1.2.1/tagsoup-1.2.1.jar:/Users/dhvani/.m2/repository/io/rest-assured/json-path/5.4.0/json-path-5.4.0.jar:/Users/dhvani/.m2/repository/org/apache/groovy/groovy-json/4.0.16/groovy-json-4.0.16.jar:/Users/dhvani/.m2/repository/io/rest-assured/rest-assured-common/5.4.0/rest-assured-common-5.4.0.jar:/Users/dhvani/.m2/repository/io/rest-assured/xml-path/5.4.0/xml-path-5.4.0.jar:/Users/dhvani/.m2/repository/org/apache/commons/commons-lang3/3.11/commons-lang3-3.11.jar:/Users/dhvani/.m2/repository/com/fasterxml/jackson/core/jackson-databind/2.17.0/jackson-databind-2.17.0.jar:/Users/dhvani/.m2/repository/com/fasterxml/jackson/core/jackson-annotations/2.17.0/jackson-annotations-2.17.0.jar:/Users/dhvani/.m2/repository/com/fasterxml/jackson/core/jackson-core/2.17.0/jackson-core-2.17.0.jar:/Users/dhvani/.m2/repository/net/bytebuddy/byte-buddy/1.14.9/byte-buddy-1.14.9.jar:"/>
    <property name="java.vm.vendor" value="Oracle Corporation"/>
    <property name="sun.arch.data.model" value="64"/>
    <property name="java.vendor.url" value="https://java.oracle.com/"/>
    <property name="user.timezone" value="America/Toronto"/>
    <property name="os.name" value="Mac OS X"/>
    <property name="java.vm.specification.version" value="19"/>
    <property name="sun.java.launcher" value="SUN_STANDARD"/>
    <property name="user.country" value="US"/>
    <property name="sun.boot.library.path" value="/Library/Java/JavaVirtualMachines/jdk-19.jdk/Contents/Home/lib"/>
    <property name="sun.java.command" value="/Users/dhvani/eclipse-workspace/BookAPI/target/surefire/surefirebooter-20240326212847479_3.jar /Users/dhvani/eclipse-workspace/BookAPI/target/surefire 2024-03-26T21-28-47_358-jvmRun1 surefire-20240326212847479_1tmp surefire_0-20240326212847479_2tmp"/>
    <property name="http.nonProxyHosts" value="local|*.local|169.254/16|*.169.254/16|dns.google|*.dns.google|one.one.one.one|*.one.one.one.one"/>
    <property name="jdk.debug" value="release"/>
    <property name="surefire.test.class.path" value="/Users/dhvani/eclipse-workspace/BookAPI/target/test-classes:/Users/dhvani/eclipse-workspace/BookAPI/target/classes:/Users/dhvani/.m2/repository/junit/junit/4.11/junit-4.11.jar:/Users/dhvani/.m2/repository/org/hamcrest/hamcrest-core/1.3/hamcrest-core-1.3.jar:/Users/dhvani/.m2/repository/io/cucumber/cucumber-java/7.15.0/cucumber-java-7.15.0.jar:/Users/dhvani/.m2/repository/io/cucumber/cucumber-core/7.15.0/cucumber-core-7.15.0.jar:/Users/dhvani/.m2/repository/io/cucumber/cucumber-gherkin/7.15.0/cucumber-gherkin-7.15.0.jar:/Users/dhvani/.m2/repository/io/cucumber/cucumber-gherkin-messages/7.15.0/cucumber-gherkin-messages-7.15.0.jar:/Users/dhvani/.m2/repository/io/cucumber/gherkin/26.2.0/gherkin-26.2.0.jar:/Users/dhvani/.m2/repository/io/cucumber/messages/22.0.0/messages-22.0.0.jar:/Users/dhvani/.m2/repository/io/cucumber/tag-expressions/6.0.0/tag-expressions-6.0.0.jar:/Users/dhvani/.m2/repository/io/cucumber/cucumber-expressions/17.0.1/cucumber-expressions-17.0.1.jar:/Users/dhvani/.m2/repository/io/cucumber/datatable/7.15.0/datatable-7.15.0.jar:/Users/dhvani/.m2/repository/io/cucumber/cucumber-plugin/7.15.0/cucumber-plugin-7.15.0.jar:/Users/dhvani/.m2/repository/io/cucumber/docstring/7.15.0/docstring-7.15.0.jar:/Users/dhvani/.m2/repository/io/cucumber/html-formatter/20.4.0/html-formatter-20.4.0.jar:/Users/dhvani/.m2/repository/io/cucumber/junit-xml-formatter/0.2.0/junit-xml-formatter-0.2.0.jar:/Users/dhvani/.m2/repository/io/cucumber/ci-environment/10.0.0/ci-environment-10.0.0.jar:/Users/dhvani/.m2/repository/org/apiguardian/apiguardian-api/1.1.2/apiguardian-api-1.1.2.jar:/Users/dhvani/.m2/repository/io/cucumber/cucumber-testng/7.15.0/cucumber-testng-7.15.0.jar:/Users/dhvani/.m2/repository/org/testng/testng/7.8.0/testng-7.8.0.jar:/Users/dhvani/.m2/repository/org/slf4j/slf4j-api/1.7.36/slf4j-api-1.7.36.jar:/Users/dhvani/.m2/repository/com/beust/jcommander/1.82/jcommander-1.82.jar:/Users/dhvani/.m2/repository/org/webjars/jquery/3.6.1/jquery-3.6.1.jar:/Users/dhvani/.m2/repository/io/rest-assured/rest-assured/5.4.0/rest-assured-5.4.0.jar:/Users/dhvani/.m2/repository/org/apache/groovy/groovy/4.0.16/groovy-4.0.16.jar:/Users/dhvani/.m2/repository/org/apache/groovy/groovy-xml/4.0.16/groovy-xml-4.0.16.jar:/Users/dhvani/.m2/repository/org/apache/httpcomponents/httpclient/4.5.13/httpclient-4.5.13.jar:/Users/dhvani/.m2/repository/org/apache/httpcomponents/httpcore/4.4.13/httpcore-4.4.13.jar:/Users/dhvani/.m2/repository/commons-logging/commons-logging/1.2/commons-logging-1.2.jar:/Users/dhvani/.m2/repository/commons-codec/commons-codec/1.11/commons-codec-1.11.jar:/Users/dhvani/.m2/repository/org/apache/httpcomponents/httpmime/4.5.13/httpmime-4.5.13.jar:/Users/dhvani/.m2/repository/org/hamcrest/hamcrest/2.2/hamcrest-2.2.jar:/Users/dhvani/.m2/repository/org/ccil/cowan/tagsoup/tagsoup/1.2.1/tagsoup-1.2.1.jar:/Users/dhvani/.m2/repository/io/rest-assured/json-path/5.4.0/json-path-5.4.0.jar:/Users/dhvani/.m2/repository/org/apache/groovy/groovy-json/4.0.16/groovy-json-4.0.16.jar:/Users/dhvani/.m2/repository/io/rest-assured/rest-assured-common/5.4.0/rest-assured-common-5.4.0.jar:/Users/dhvani/.m2/repository/io/rest-assured/xml-path/5.4.0/xml-path-5.4.0.jar:/Users/dhvani/.m2/repository/org/apache/commons/commons-lang3/3.11/commons-lang3-3.11.jar:/Users/dhvani/.m2/repository/com/fasterxml/jackson/core/jackson-databind/2.17.0/jackson-databind-2.17.0.jar:/Users/dhvani/.m2/repository/com/fasterxml/jackson/core/jackson-annotations/2.17.0/jackson-annotations-2.17.0.jar:/Users/dhvani/.m2/repository/com/fasterxml/jackson/core/jackson-core/2.17.0/jackson-core-2.17.0.jar:/Users/dhvani/.m2/repository/net/bytebuddy/byte-buddy/1.14.9/byte-buddy-1.14.9.jar:"/>
    <property name="sun.cpu.endian" value="little"/>
    <property name="user.home" value="/Users/dhvani"/>
    <property name="user.language" value="en"/>
    <property name="java.specification.vendor" value="Oracle Corporation"/>
    <property name="java.version.date" value="2022-09-20"/>
    <property name="java.home" value="/Library/Java/JavaVirtualMachines/jdk-19.jdk/Contents/Home"/>
    <property name="file.separator" value="/"/>
    <property name="basedir" value="/Users/dhvani/eclipse-workspace/BookAPI"/>
    <property name="style.color" value="always"/>
    <property name="java.vm.compressedOopsMode" value="Zero based"/>
    <property name="line.separator" value="&#10;"/>
    <property name="java.vm.specification.vendor" value="Oracle Corporation"/>
    <property name="java.specification.name" value="Java Platform API Specification"/>
    <property name="apple.awt.application.name" value="ForkedBooter"/>
    <property name="surefire.real.class.path" value="/Users/dhvani/eclipse-workspace/BookAPI/target/surefire/surefirebooter-20240326212847479_3.jar"/>
    <property name="sun.management.compiler" value="HotSpot 64-Bit Tiered Compilers"/>
    <property name="ftp.nonProxyHosts" value="local|*.local|169.254/16|*.169.254/16|dns.google|*.dns.google|one.one.one.one|*.one.one.one.one"/>
    <property name="java.runtime.version" value="19+36-2238"/>
    <property name="user.name" value="dhvani"/>
    <property name="stdout.encoding" value="UTF-8"/>
    <property name="path.separator" value=":"/>
    <property name="os.version" value="14.3"/>
    <property name="java.runtime.name" value="Java(TM) SE Runtime Environment"/>
    <property name="file.encoding" value="UTF-8"/>
    <property name="java.vm.name" value="Java HotSpot(TM) 64-Bit Server VM"/>
    <property name="localRepository" value="/Users/dhvani/.m2/repository"/>
    <property name="java.vendor.url.bug" value="https://bugreport.java.com/bugreport/"/>
    <property name="java.io.tmpdir" value="/var/folders/kl/wxp3jhjj4tg6dkn06psw7fr00000gn/T/"/>
    <property name="java.version" value="19"/>
    <property name="user.dir" value="/Users/dhvani/eclipse-workspace/BookAPI"/>
    <property name="os.arch" value="aarch64"/>
    <property name="java.vm.specification.name" value="Java Virtual Machine Specification"/>
    <property name="native.encoding" value="UTF-8"/>
    <property name="java.library.path" value="/Users/dhvani/Library/Java/Extensions:/Library/Java/Extensions:/Network/Library/Java/Extensions:/System/Library/Java/Extensions:/usr/lib/java:."/>
    <property name="java.vm.info" value="mixed mode, sharing"/>
    <property name="stderr.encoding" value="UTF-8"/>
    <property name="java.vendor" value="Oracle Corporation"/>
    <property name="java.vm.version" value="19+36-2238"/>
    <property name="sun.io.unicode.encoding" value="UnicodeBig"/>
    <property name="socksNonProxyHosts" value="local|*.local|169.254/16|*.169.254/16|dns.google|*.dns.google|one.one.one.one|*.one.one.one.one"/>
    <property name="java.class.version" value="63.0"/>
  </properties>
  <testcase name="runScenario[&quot;Verify that user is able to submit order using post api&quot;, &quot;Validating Book APIs&quot;](1)" classname="runner.TestRunner" time="1.574">
    <system-out><![CDATA[
Scenario: Verify that user is able to submit order using post api &amp#27;[90m# src/test/java/features/bookapitest.feature:3&amp#27;[0m
Request method:	POST
Request URI:	https://simple-books-api.glitch.me/orders
Proxy:			<none>
Request params:	<none>
Query params:	<none>
Form params:	<none>
Path params:	<none>
Headers:		Authorization=Bearer 393b887ce0af4a161e589c394b72f520fcfb9d482eb056996ff7441562469776
				Accept=*/*
				Content-Type=application/json
Cookies:		<none>
Multiparts:		<none>
Body:
{
    "bookId": "1",
    "customerName": "John"
}
{
    "created": true,
    "orderId": "ccSq8PRF5XK4Pts6E4YXO"
}
  &amp#27;[32mGiven &amp#27;[0m&amp#27;[32muser add payload to request&amp#27;[0m                               &amp#27;[90m# stepDefinition.testStepDefinition.user_add_payload_to_request()&amp#27;[0m
When
  &amp#27;[32mWhen &amp#27;[0m&amp#27;[32muser calls submitOrder api with post http request&amp#27;[0m          &amp#27;[90m# stepDefinition.testStepDefinition.user_calls_submit_order_api_with_post_http_request()&amp#27;[0m
then
  &amp#27;[32mThen &amp#27;[0m&amp#27;[32mapi call is succesful with status code &amp#27;[0m&amp#27;[32m&amp#27;[1m201&amp#27;[0m                 &amp#27;[90m# stepDefinition.testStepDefinition.api_call_is_succesful_with_status_code(java.lang.Integer)&amp#27;[0m
Then
  &amp#27;[32mAnd &amp#27;[0m&amp#27;[32mStatus in response is OK&amp#27;[0m                                    &amp#27;[90m# stepDefinition.testStepDefinition.status_in_response_is_ok()&amp#27;[0m
]]></system-out>
    <system-err><![CDATA[SLF4J: Failed to load class "org.slf4j.impl.StaticLoggerBinder".
SLF4J: Defaulting to no-operation (NOP) logger implementation
SLF4J: See http://www.slf4j.org/codes.html#StaticLoggerBinder for further details.
]]></system-err>
  </testcase>
</testsuite>