<?xml version="1.0" encoding="UTF-8"?>
<!-- Generated by org.testng.reporters.JUnitReportReporter -->
<testsuite hostname="DMac.local" failures="0" tests="1" name="runner.TestRunner" time="1.573" errors="0" timestamp="2024-03-26T21:28:49 EDT" skipped="0">
  <testcase classname="runner.TestRunner" name="runScenario" time="1.573"/>
</testsuite> <!-- runner.TestRunner -->
